f:\vulkan\myvulkan\vulkan\base\debug\base.pdb
f:\vulkan\myvulkan\vulkan\base\base.dir\debug\vulkanexamplebase.obj
f:\vulkan\myvulkan\vulkan\base\base.dir\debug\vulkangltfmodel.obj
f:\vulkan\myvulkan\vulkan\base\base.dir\debug\vulkanuioverlay.obj
f:\vulkan\myvulkan\vulkan\base\base.dir\debug\vulkantools.obj
f:\vulkan\myvulkan\vulkan\base\base.dir\debug\vulkantexture.obj
f:\vulkan\myvulkan\vulkan\base\base.dir\debug\vulkanswapchain.obj
f:\vulkan\myvulkan\vulkan\base\base.dir\debug\vulkanraytracingsample.obj
f:\vulkan\myvulkan\vulkan\base\base.dir\debug\vulkandevice.obj
f:\vulkan\myvulkan\vulkan\base\base.dir\debug\vulkandebug.obj
f:\vulkan\myvulkan\vulkan\base\base.dir\debug\vulkanbuffer.obj
f:\vulkan\myvulkan\vulkan\base\base.dir\debug\vulkanandroid.obj
f:\vulkan\myvulkan\vulkan\base\base.dir\debug\imgui_widgets.obj
f:\vulkan\myvulkan\vulkan\base\base.dir\debug\imgui_draw.obj
f:\vulkan\myvulkan\vulkan\base\base.dir\debug\imgui_demo.obj
f:\vulkan\myvulkan\vulkan\base\base.dir\debug\imgui.obj
f:\vulkan\myvulkan\vulkan\base\base.dir\debug\filestream.obj
f:\vulkan\myvulkan\vulkan\base\base.dir\debug\memstream.obj
f:\vulkan\myvulkan\vulkan\base\base.dir\debug\swap.obj
f:\vulkan\myvulkan\vulkan\base\base.dir\debug\checkheader.obj
f:\vulkan\myvulkan\vulkan\base\base.dir\debug\hashlist.obj
f:\vulkan\myvulkan\vulkan\base\base.dir\debug\texture.obj
f:\vulkan\myvulkan\vulkan\base\debug\base.lib
f:\vulkan\myvulkan\vulkan\\base\debug\base.pdb
f:\vulkan\myvulkan\vulkan\base\base.dir\debug\base.tlog\cl.command.1.tlog
f:\vulkan\myvulkan\vulkan\base\base.dir\debug\base.tlog\cl.read.1.tlog
f:\vulkan\myvulkan\vulkan\base\base.dir\debug\base.tlog\cl.write.1.tlog
f:\vulkan\myvulkan\vulkan\base\base.dir\debug\base.tlog\lib-link.read.1.tlog
f:\vulkan\myvulkan\vulkan\base\base.dir\debug\base.tlog\lib-link.write.1.tlog
f:\vulkan\myvulkan\vulkan\base\base.dir\debug\base.tlog\lib.command.1.tlog
